<?xml version="1.0" encoding="UTF-8"?>
<!-- Generated by org.testng.reporters.JUnitReportReporter -->
<testsuite name="com.test.BBBY_Rest_api.DummyRest" tests="1" time="3.638" ignored="0" failures="0" timestamp="19 Jun 2019 08:45:18 GMT" skipped="0" hostname="WL2781-0058430" errors="0">
  <testcase name="getDummyData" time="3.638" classname="com.test.BBBY_Rest_api.DummyRest"/>
</testsuite> <!-- com.test.BBBY_Rest_api.DummyRest -->
