<?xml version="1.0" encoding="UTF-8"?>
<!-- Generated by org.testng.reporters.JUnitReportReporter -->
<testsuite name="com.test.BBBY_Rest_api.features_api.RunCukesByTest" tests="1" time="0.143" ignored="0" failures="0" timestamp="18 Jul 2019 10:00:28 GMT" skipped="1" hostname="WL2781-0058430" errors="0">
  <testcase name="scenario" time="0.143" classname="com.test.BBBY_Rest_api.features_api.RunCukesByTest">
    <skipped/>
  </testcase> <!-- scenario -->
</testsuite> <!-- com.test.BBBY_Rest_api.features_api.RunCukesByTest -->
